<?xml version="1.0" encoding="UTF-8"?>
<!-- Generated by org.testng.reporters.JUnitReportReporter -->
<testsuite skipped="0" hostname="DESKTOP-VNUEGKJ" name="com.task.GetRequest" tests="1" failures="0" timestamp="20 Jun 2022 17:23:59 GMT" time="2.456" errors="0">
  <testcase name="get" time="2.456" classname="com.task.GetRequest"/>
</testsuite> <!-- com.task.GetRequest -->
