<?xml version="1.0" encoding="UTF-8"?>
<!-- Generated by org.testng.reporters.JUnitReportReporter -->
<testsuite skipped="0" hostname="DESKTOP-VNUEGKJ" name="com.task.PutRequest" tests="1" failures="0" timestamp="20 Jun 2022 17:23:05 GMT" time="2.732" errors="0">
  <testcase name="put" time="2.732" classname="com.task.PutRequest"/>
</testsuite> <!-- com.task.PutRequest -->
