<?xml version="1.0" encoding="UTF-8"?>
<!-- Generated by org.testng.reporters.JUnitReportReporter -->
<testsuite skipped="0" hostname="DESKTOP-VNUEGKJ" name="com.task.PostRequest" tests="1" failures="0" timestamp="23 Jun 2022 04:31:43 GMT" time="2.978" errors="0">
  <testcase name="post" time="2.978" classname="com.task.PostRequest"/>
</testsuite> <!-- com.task.PostRequest -->
